Virtuoso Framework License (111) was checked out successfully. Total checkout time was 0.09s.
*WARNING* The directory: '/home/seas/jwcrandall/cadence/analog_ece6218' does not exist
	but was defined in libFile '/home/seas/jwcrandall/cadence/cds.lib' for Lib 'analog_ece6218'.
*INFO* (icLic-302) License Virtuoso_Layout_Suite_GXL ("Layout GXL") was used to run Layout L.

Running simulation in directory: "/home/seas/jwcrandall/cadence/LVS".

*WARNING* The directory: '/home/seas/jwcrandall/cadence/analog_ece6218' does not exist
	but was defined in libFile '/home/seas/jwcrandall/cadence/cds.lib' for Lib 'analog_ece6218'.
*WARNING* The directory: '/home/seas/jwcrandall/cadence/6218_Final_Project' does not exist
	but was defined in libFile '/home/seas/jwcrandall/cadence/cds.lib' for Lib '6218_Final_Project'.


Begin netlist:    Nov  8 11:40:49 2018
	view name list	= ("auLvs" "extracted" "schematic")
	stop name list	= ("auLvs")
	library name	= "ECE_6240_Digial"
	cell name	= "hw2_2_XOR"
	view name	= "extracted"
	globals lib	= "basic"
Running Artist Flat Netlisting ...
*WARNING* Parameter 'lxUseCell' already exists.
End netlist:    Nov  8 11:40:50 2018

Moving original netlist to extNetlist
Removing parasitic components from netlist
	presistors removed:  0
	pcapacitors removed: 29
	pinductors removed:  0
	pdiodes removed:     0
	trans lines removed: 0
	11 nodes merged into 11 nodes


Begin netlist:    Nov  8 11:40:50 2018
	view name list	= ("auLvs" "schematic")
	stop name list	= ("auLvs")
	library name	= "ECE_6240_Digial"
	cell name	= "hw2_2_XOR"
	view name	= "schematic"
	globals lib	= "basic"
Running Artist Flat Netlisting ...
*INFO* (icLic-302) License Virtuoso_Layout_Suite_GXL ("Layout GXL") was used to run Layout L.
End netlist:    Nov  8 11:40:50 2018

Moving original netlist to extNetlist
Removing parasitic components from netlist
	presistors removed:  0
	pcapacitors removed: 0
	pinductors removed:  0
	pdiodes removed:     0
	trans lines removed: 0
	32 nodes merged into 32 nodes

Running netlist comparison program:  LVS
Begin comparison:    Nov  8 11:40:50 2018
@(#)$CDS: LVS version 6.1.7-64b 01/24/2018 14:00 (sjfhw315) $

1 net-list ambiguity was resolved by random selection.

The net-lists failed to match.

                             layout  schematic
                                instances
        un-matched              8       8      
        rewired                 0       0      
        size errors             0       0      
        pruned                  0       0      
        active                  16      16     
        total                   16      16     

                                  nets
        un-matched              4       5      
        merged                  0       0      
        pruned                  0       0      
        active                  11      12     
        total                   11      12     

                                terminals
        un-matched              1       1      
        matched but
        different type          0       0      
        total                   5       5      
End comparison:      Nov  8 11:40:51 2018
*INFO* (icLic-302) License Virtuoso_Layout_Suite_GXL ("Layout GXL") was used to run Layout L.


Comparison program completed successfully.
