@(#)$CDS: LVS version 6.1.7-64b 08/21/2018 19:40 (sjfhw315) $

Command line: /apps/vlsi_2018/cadence/IC617/tools.lnx86/dfII/bin/64bit/LVS -dir /home/seas/jwcrandall/cadence/LVS -l -s -t /home/seas/jwcrandall/cadence/LVS/layout /home/seas/jwcrandall/cadence/LVS/schematic
Like matching is enabled.
Net swapping is enabled.
Using terminal names as correspondence points.
Compiling Diva LVS rules...

    Net-list summary for /home/seas/jwcrandall/cadence/LVS/layout/netlist
       count
        67              nets
        14              terminals
        56              pmos
        56              nmos

    Net-list summary for /home/seas/jwcrandall/cadence/LVS/schematic/netlist
       count
        67              nets
        16              terminals
        56              pmos
        56              nmos


    Terminal correspondence points
    N59       N7        A0
    N58       N6        A1
    N57       N2        A2
    N56       N8        A3
    N65       N15       B0
    N64       N16       B1
    N63       N13       B2
    N62       N14       B3
    N60       N11       Cin
    N61       N17       Cout
    N55       N3        S0
    N54       N10       S1
    N53       N9        S2
    N66       N4        S3

Devices in the netlist but not in the rules:
        pcapacitor
Devices in the rules but not in the netlist:
        cap nfet pfet nmos4 pmos4

The net-lists match.

                             layout  schematic
                                instances
        un-matched              0       0      
        rewired                 0       0      
        size errors             0       0      
        pruned                  0       0      
        active                  112     112    
        total                   112     112    

                                  nets
        un-matched              0       0      
        merged                  0       0      
        pruned                  0       0      
        active                  67      67     
        total                   67      67     

                                terminals
        un-matched              0       0      
        matched but
        different type          2       2      
        total                   14      16     


Probe files from /home/seas/jwcrandall/cadence/LVS/schematic

devbad.out:

netbad.out:

mergenet.out:

termbad.out:
? Terminal Cin's type in the schematic: input, in the layout: inputOutput
? Terminal Cout's type in the schematic: output, in the layout: inputOutput

prunenet.out:

prunedev.out:

audit.out:


Probe files from /home/seas/jwcrandall/cadence/LVS/layout

devbad.out:

netbad.out:

mergenet.out:

termbad.out:
? Terminal Cin's type in the layout: inputOutput, in the schematic: input
? Terminal Cout's type in the layout: inputOutput, in the schematic: output

prunenet.out:

prunedev.out:

audit.out:
