\o Program:		@(#)$CDS: cdsLibEditor version 6.1.7 - CAT35 12/05/2017 23:54 (sjfhw305) $
\o Sub version:		sub-version  s061 
\o Arguments:		-cdslib /home/seas/jwcrandall/cadence/cds.lib -mpssession virtuoso6725 -mpshost linux16.cflab.seas.gwu.edu 
\o Working Directory:	linux16.cflab.seas.gwu.edu:/home/seas/jwcrandall/cadence
\o 64-bit offsets
\a nrSetWindowVisibility(cdsLibEditor "show")
\o Qt version: 		4.8.5
\a nrSetCurrentWindow(cdsLibEditor)
\a nrListItemAction(cdsLibEditor->mainTable 0 0)
\o Active cell: 0 0 "analogLib"
\a nrResizeWindow(cdsLibEditor list(87 496 500 400))
\a cdsLibEditor->editAddLibButton->value = t
\a newLibraryDialog->filePathComboBox->value = "/home/seas/jwcrandall/cadence"
\a newLibraryDialog->useMappedName->value = nil
\a nrSetWindowVisibility(newLibraryDialog "show")
\a nrSetCurrentWindow(newLibraryDialog)
\a nrResizeWindow(newLibraryDialog list(72 482 531 513))
\a newLibraryDialog->libraryListBox->value = "test"
\a newLibraryDialog->useMappedName->value = t
\a newLibraryDialog->libraryName->value = "test"
\a newLibraryDialog->libraryListBox->value = "ECE_6240_Digial"
\a newLibraryDialog->libraryName->value = "ECE_6240_Digial"
\a newLibraryDialog->okButton->value = t
\a newLibraryDialog->libraryListBox->value = nil
\a newLibraryDialog->useMappedName->value = nil
\a newLibraryDialog->libraryName->value = ""
\a nrListItemAction(cdsLibEditor->mainTable 20 0)
\o Active cell: 20 0 ""
\a nrSetCurrentWindow(cdsLibEditor)
\a cdsLibEditor->editAddLibButton->value = t
\a nrSetWindowVisibility(newLibraryDialog "show")
\a nrSetCurrentWindow(newLibraryDialog)
\a nrResizeWindow(newLibraryDialog list(72 482 531 513))
\a newLibraryDialog->libraryListBox->value = "6218_Final_Project"
\a newLibraryDialog->useMappedName->value = t
\a newLibraryDialog->libraryName->value = "6218_Final_Project"
\a newLibraryDialog->libraryListBox->value = "analog_ece6218"
\a newLibraryDialog->libraryName->value = "analog_ece6218"
\a newLibraryDialog->libraryListBox->value = "6218_Final_Project"
\a newLibraryDialog->libraryName->value = "6218_Final_Project"
\a newLibraryDialog->okButton->value = t
\a nrListItemRename(cdsLibEditor->mainTable, 20 0 "6218_Final_Project")
\a newLibraryDialog->libraryListBox->value = nil
\a newLibraryDialog->useMappedName->value = nil
\a newLibraryDialog->libraryName->value = ""
\a nrListItemAction(cdsLibEditor->mainTable 21 0)
\o Active cell: 21 0 ""
\a nrSetCurrentWindow(cdsLibEditor)
\a cdsLibEditor->editAddLibButton->value = t
\a nrSetWindowVisibility(newLibraryDialog "show")
\a nrSetCurrentWindow(newLibraryDialog)
\a nrResizeWindow(newLibraryDialog list(72 482 531 513))
\a newLibraryDialog->libraryListBox->value = "analog_ece6218"
\a newLibraryDialog->useMappedName->value = t
\a newLibraryDialog->libraryName->value = "analog_ece6218"
\a newLibraryDialog->okButton->value = t
\a nrListItemRename(cdsLibEditor->mainTable, 21 0 "analog_ece6218")
\a newLibraryDialog->libraryListBox->value = nil
\a newLibraryDialog->useMappedName->value = nil
\a newLibraryDialog->libraryName->value = ""
\a nrListItemAction(cdsLibEditor->mainTable 22 0)
\o Active cell: 22 0 ""
\a nrSetCurrentWindow(cdsLibEditor)
\a nrListItemAction(cdsLibEditor->mainTable 1 1)
\o Active cell: 1 1 "$CDSROOT/assura/tools/assura/etc/avtech/avTech"
\a nrListItemRename(cdsLibEditor->mainTable, 1 1 "$CDSROOT/ASSURA41/tools/assura/etc/avtech/avTech")
\a nrListItemAction(cdsLibEditor->mainTable 2 0)
\o Active cell: 2 0 "adsLib"
\a nrListItemAction(cdsLibEditor->mainTable 3 0)
\o Active cell: 3 0 "basic"
\a nrListItemAction(cdsLibEditor->mainTable 2 0)
\o Active cell: 2 0 "adsLib"
\a cdsLibEditor->fileSaveButton->value = t
\a nrSetCurrentWindow(cdsLibEditor)
\a nrListItemAction(cdsLibEditor->mainTable 22 0)
\o Active cell: 22 0 ""
\a cdsLibEditor->viewFullPathsButton->value = t
\a nrListItemRename(cdsLibEditor->mainTable, 22 0 "connectLib")
\a nrListItemAction(cdsLibEditor->mainTable 22 1)
\o Active cell: 22 1 ""
\a nrListItemRename(cdsLibEditor->mainTable, 22 1 "/apps/vlsi_2018/cadence/INCISIVE152/tools/affirma_ams/etc/connect_lib/connectLib")
\a nrListItemAction(cdsLibEditor->mainTable 23 0)
\o Active cell: 23 0 ""
\a cdsLibEditor->fileSaveButton->value = t
\o ERROR (CLE-151): File was not saved.\n\n"/home/seas/jwcrandall/cadence/cds.lib" has been modified since it was read. \n\nUse "Save As" to save your changes to a different file. 
\a nrSetWindowVisibility(errorDialog "show")
\a nrSetCurrentWindow(errorDialog)
\a nrResizeWindow(errorDialog list(102 597 471 164))
\a errorDialog->errorOkButton->value = t
\a nrSetCurrentWindow(cdsLibEditor)
\a cdsLibEditor->fileSaveAsButton->value = t
\a saveAsGroupDialog->saveAsLibDefsCheckBox->value = nil
\a saveAsGroupDialog->unionUsageRadioB->value = nil
\a nrSetWindowVisibility(saveAsGroupDialog "show")
\a nrSetCurrentWindow(saveAsGroupDialog)
\a nrResizeWindow(saveAsGroupDialog list(74 537 526 345))
\a saveAsGroupDialog->okButton->value = t
\o QUESTION (CLE-140): Caution\n\n"/home/seas/jwcrandall/cadence/cds.lib" already exists. \n\nDo you want to overwrite this file? 
\a nrSetWindowVisibility(genericDialog "show")
\a nrSetCurrentWindow(genericDialog)
\a nrResizeWindow(genericDialog list(158 597 358 164))
\a genericDialog->genericYesButton->value = t
\a nrSetCurrentWindow(saveAsGroupDialog)
\a nrSetCurrentWindow(cdsLibEditor)
\a cdsLibEditor->fileSaveButton->value = t
\a cdsLibEditor->fileExitButton->value = t
\a nrSetWindowVisibility(cdsLibEditor "hide")
\a exit(0)
