\o Program:		@(#)$CDS: libManager version 32.10 11/11/2011 13:43 (cat91amd) $
\o Sub version:		sub-version  s008 
\o Arguments:		-mpssession virtuoso68654 -mpshost shell.seas.gwu.edu 
\o Working Directory:	shell.seas.gwu.edu:/home/seas/jwcrandall/cadence
\o Qt version: 		4.5.3
\o Log file is "/home/seas/jwcrandall/cadence/libManager.log".
\o Opening libManager window.
\a nrSetCurrentWindow(cdsLibManager)
\o Loading customization file "/apps/design_kits/ncsu-cdk-1.6.0.beta/cdssetup/cdsLibMgr.il"
\o Loading NCSU Library Manager customizations...done.
\a nrResizeWindow(cdsLibManager list(1060 49 819 752))
\o changeWorkingDir("/home/seas/jwcrandall/cadence") unnecessary.
\o ddSetForcedLib("") unnecessary.
\o MPS service: map window
\w Warning: The directory: '/apps/cadence/ASSURA41/tools/assura/etc/avtech/avTech' does not exist
\w 	but was defined in libFile '/home/seas/jwcrandall/cadence/cds.lib' for Lib 'NCSU_TechLib_tsmc03'.
\o Library Manager customization server connected.
\a nrSetCurrentWindow(cdsLibManager)
\a cdsLibManager->libListBox->value = "Digial"
\a cdsLibManager->libLineEdit->value = "Digial"
\a cdsLibManager->cellListBox->value = "hw1_1_c_inverter"
\a cdsLibManager->cellListBox->value = "hw1_1_c_inverter_tb"
\a cdsLibManager->viewListBox->value = "schematic"
\a cdsLibManager->viewLineEdit->value = "schematic"
\a cdsLibManager->cellLineEdit->value = "hw1_1_c_inverter_tb"
\a cdsLibManager->viewListBox->value = nil
\a cdsLibManager->viewListBox->value = "schematic"
\o MPS request: edit design
\a nrListItemAction(cdsLibManager->gdmXTView 0 0)
\a cdsLibManager->libListBox->value = nil
\a cdsLibManager->cellListBox->value = nil
\a cdsLibManager->viewLineEdit->value = ""
\a cdsLibManager->viewListBox->value = nil
\a cdsLibManager->cellLineEdit->value = ""
\a cdsLibManager->libLineEdit->value = ""
\w Warning: The directory: '/apps/cadence/ASSURA41/tools/assura/etc/avtech/avTech' does not exist
\w 	but was defined in libFile '/home/seas/jwcrandall/cadence/cds.lib' for Lib 'NCSU_TechLib_tsmc03'.
\a cdsLibManager->libListBox->value = "Digial"
\a cdsLibManager->libLineEdit->value = "Digial"
\a cdsLibManager->cellListBox->value = "hw1_1_c_inverter_tb"
\a cdsLibManager->cellLineEdit->value = "hw1_1_c_inverter_tb"
\a cdsLibManager->viewListBox->value = "schematic"
\a cdsLibManager->viewLineEdit->value = "schematic"
\a cdsLibManager->viewLineEdit->value = ""
\a cdsLibManager->viewListBox->value = nil
\a cdsLibManager->viewListBox->value = "schematic"
\a cdsLibManager->viewLineEdit->value = "schematic"
\a nrSetCurrentWindow(cdsLibManager)
\a cdsLibManager->cellListBox->value = "hw1_1_inverter"
\a cdsLibManager->viewLineEdit->value = ""
\a cdsLibManager->viewListBox->value = nil
\a cdsLibManager->viewListBox->value = "schematic"
\a cdsLibManager->viewLineEdit->value = "schematic"
\a cdsLibManager->cellListBox->value = "hw1_1_inverter_tb"
\a cdsLibManager->viewLineEdit->value = ""
\a cdsLibManager->viewListBox->value = nil
\a cdsLibManager->viewListBox->value = "schematic"
\a cdsLibManager->viewLineEdit->value = "schematic"
\a nrListItemAction(cdsLibManager->cellListBox 5 0)
\a cdsLibManager->viewLineEdit->value = ""
\a cdsLibManager->viewListBox->value = nil
\o MPS request: edit design
\a cdsLibManager->cellLineEdit->value = "hw1_1_inverter_tb"
\a nrSetCurrentWindow(cdsLibManager)
\a nrSetCurrentWindow(cdsLibManager)
\a nrResizeWindow(cdsLibManager list(731 97 819 752))
\a nrSetCurrentWindow(cdsLibManager)
\a nrResizeWindow(cdsLibManager list(1070 49 819 752))
\a cdsLibManager->cellListBox->value = nil
\a nrListItemAction(cdsLibManager->cellListBox 5 0)
\a cdsLibManager->cellListBox->value = "hw1_1_inverter_tb"
\a cdsLibManager->viewListBox->value = "schematic"
\a cdsLibManager->viewLineEdit->value = "schematic"
\a cdsLibManager->viewLineEdit->value = ""
\a cdsLibManager->viewListBox->value = nil
\o MPS request: edit design
\a cdsLibManager->cellLineEdit->value = "hw1_1_inverter_tb"
\a nrSetCurrentWindow(cdsLibManager)
\a cdsLibManager->showFilesToggle->value = t
\a nrSetCurrentWindow(cdsLibManager)
\a nrSetCurrentWindow(cdsLibManager)
\a nrResizeWindow(cdsLibManager list(1070 541 819 338))
\a nrResizeWindow(cdsLibManager list(6 580 819 338))
\a nrResizeWindow(cdsLibManager list(6 580 1883 338))
\a nrResizeWindow(cdsLibManager list(6 583 503 338))
\a nrResizeWindow(cdsLibManager list(6 583 508 338))
\a nrResizeWindow(cdsLibManager list(6 583 560 351))
\a nrResizeWindow(cdsLibManager list(6 583 508 338))
\a nrResizeWindow(cdsLibManager list(6 583 689 352))
\a nrSetCurrentWindow(cdsLibManager)
\a nrResizeWindow(cdsLibManager list(6 403 689 532))
\a nrSetCurrentWindow(cdsLibManager)
\a cdsLibManager->cellListBox->value = "DominoAndGate_tb"
\a cdsLibManager->viewListBox->value = "schematic"
\a cdsLibManager->viewLineEdit->value = "schematic"
\a nrResizeWindow(cdsLibManager list(6 403 804 532))
\a cdsLibManager->cellLineEdit->value = "DominoAndGate_tb"
\a cdsLibManager->cellListBox->value = "hw1_1_c_inverter"
\a cdsLibManager->viewLineEdit->value = ""
\a cdsLibManager->viewListBox->value = nil
\a cdsLibManager->viewListBox->value = "schematic"
\a cdsLibManager->viewLineEdit->value = "schematic"
\a cdsLibManager->cellListBox->value = nil
\a cdsLibManager->viewLineEdit->value = ""
\a cdsLibManager->viewListBox->value = nil
\a nrListItemAction(cdsLibManager->cellListBox 2 0)
\a cdsLibManager->cellListBox->value = "hw1_1_c_inverter"
\a cdsLibManager->viewListBox->value = "schematic"
\a cdsLibManager->viewLineEdit->value = "schematic"
\a cdsLibManager->viewLineEdit->value = ""
\a cdsLibManager->viewListBox->value = nil
\o MPS request: edit design
\a cdsLibManager->cellLineEdit->value = "hw1_1_c_inverter"
\a nrSetCurrentWindow(cdsLibManager)
\a cdsLibManager->cellListBox->value = "hw1_1_c_inverter_tb"
\a cdsLibManager->viewListBox->value = "schematic"
\a cdsLibManager->viewLineEdit->value = "schematic"
\a cdsLibManager->cellListBox->value = "hw1_1_c_inverter"
\a cdsLibManager->viewLineEdit->value = ""
\a cdsLibManager->viewListBox->value = nil
\a cdsLibManager->viewListBox->value = "schematic"
\a cdsLibManager->viewLineEdit->value = "schematic"
\a cdsLibManager->cellListBox->value = "hw1_1_inverter"
\a cdsLibManager->viewLineEdit->value = ""
\a cdsLibManager->viewListBox->value = nil
\a cdsLibManager->viewListBox->value = "schematic"
\a cdsLibManager->viewLineEdit->value = "schematic"
\a cdsLibManager->cellListBox->value = nil
\a cdsLibManager->viewLineEdit->value = ""
\a cdsLibManager->viewListBox->value = nil
\a cdsLibManager->cellListBox->value = "hw1_1_inverter"
\a cdsLibManager->viewListBox->value = "schematic"
\a cdsLibManager->viewLineEdit->value = "schematic"
\a cdsLibManager->cellListBox->value = nil
\a cdsLibManager->viewLineEdit->value = ""
\a cdsLibManager->viewListBox->value = nil
\a nrListItemAction(cdsLibManager->cellListBox 4 0)
\a cdsLibManager->cellListBox->value = "hw1_1_inverter"
\a cdsLibManager->viewListBox->value = "schematic"
\a cdsLibManager->viewLineEdit->value = "schematic"
\a cdsLibManager->viewLineEdit->value = ""
\a cdsLibManager->viewListBox->value = nil
\o MPS request: edit design
\a cdsLibManager->cellLineEdit->value = "hw1_1_inverter"
\a nrSetCurrentWindow(cdsLibManager)
\a cdsLibManager->cellListBox->value = "hw1_1_c_inverter_tb"
\a cdsLibManager->viewListBox->value = "schematic"
\a cdsLibManager->viewLineEdit->value = "schematic"
\a cdsLibManager->cellListBox->value = "hw1_1_c_inverter"
\a cdsLibManager->viewLineEdit->value = ""
\a cdsLibManager->viewListBox->value = nil
\a cdsLibManager->viewListBox->value = "schematic"
\a cdsLibManager->viewLineEdit->value = "schematic"
\a cdsLibManager->cellListBox->value = nil
\a cdsLibManager->viewLineEdit->value = ""
\a cdsLibManager->viewListBox->value = nil
\a nrListItemAction(cdsLibManager->cellListBox 2 0)
\a cdsLibManager->cellListBox->value = "hw1_1_c_inverter"
\a cdsLibManager->viewListBox->value = "schematic"
\a cdsLibManager->viewLineEdit->value = "schematic"
\a cdsLibManager->viewLineEdit->value = ""
\a cdsLibManager->viewListBox->value = nil
\o MPS request: edit design
\a cdsLibManager->cellLineEdit->value = "hw1_1_c_inverter"
\a cdsLibManager->libListBox->value = "adsLib"
\a cdsLibManager->libLineEdit->value = "adsLib"
\a cdsLibManager->cellListBox->value = nil
\a cdsLibManager->cellLineEdit->value = ""
\a nrSetCurrentWindow(cdsLibManager)
\a nrSetCurrentWindow(cdsLibManager)
\a nrSetCurrentWindow(cdsLibManager)
\a cdsLibManager->libListBox->value = "Digial"
\a cdsLibManager->libLineEdit->value = "Digial"
\a cdsLibManager->cellListBox->value = "hw1_1_c_inverter_tb"
\a cdsLibManager->viewListBox->value = "schematic"
\a cdsLibManager->viewLineEdit->value = "schematic"
\a nrListItemAction(cdsLibManager->cellListBox 3 0)
\a cdsLibManager->viewLineEdit->value = ""
\a cdsLibManager->viewListBox->value = nil
\o MPS request: edit design
\a cdsLibManager->cellLineEdit->value = "hw1_1_c_inverter_tb"
\a nrSetCurrentWindow(cdsLibManager)
\a cdsLibManager->cellListBox->value = "hw1_1_inverter"
\a cdsLibManager->viewListBox->value = "schematic"
\a cdsLibManager->viewLineEdit->value = "schematic"
\a cdsLibManager->cellListBox->value = nil
\a cdsLibManager->viewLineEdit->value = ""
\a cdsLibManager->viewListBox->value = nil
\a nrListItemAction(cdsLibManager->cellListBox 4 0)
\a cdsLibManager->cellListBox->value = "hw1_1_inverter"
\a cdsLibManager->viewListBox->value = "schematic"
\a cdsLibManager->viewLineEdit->value = "schematic"
\a cdsLibManager->viewLineEdit->value = ""
\a cdsLibManager->viewListBox->value = nil
\o MPS request: edit design
\a cdsLibManager->cellLineEdit->value = "hw1_1_inverter"
\a nrSetCurrentWindow(cdsLibManager)
\a cdsLibManager->cellListBox->value = "hw1_1_c_inverter_tb"
\a cdsLibManager->viewListBox->value = "schematic"
\a cdsLibManager->viewLineEdit->value = "schematic"
\a cdsLibManager->cellListBox->value = "hw1_1_c_inverter"
\a cdsLibManager->viewLineEdit->value = ""
\a cdsLibManager->viewListBox->value = nil
\a cdsLibManager->viewListBox->value = "schematic"
\a cdsLibManager->viewLineEdit->value = "schematic"
\a cdsLibManager->cellListBox->value = nil
\a cdsLibManager->viewLineEdit->value = ""
\a cdsLibManager->viewListBox->value = nil
\a nrListItemAction(cdsLibManager->cellListBox 2 0)
\a cdsLibManager->cellListBox->value = "hw1_1_c_inverter"
\a cdsLibManager->viewListBox->value = "schematic"
\a cdsLibManager->viewLineEdit->value = "schematic"
\a cdsLibManager->viewLineEdit->value = ""
\a cdsLibManager->viewListBox->value = nil
\o MPS request: edit design
\a cdsLibManager->cellLineEdit->value = "hw1_1_c_inverter"
\a nrSetCurrentWindow(cdsLibManager)
\a cdsLibManager->cellListBox->value = "hw1_1_c_inverter_tb"
\a cdsLibManager->viewListBox->value = "schematic"
\a cdsLibManager->viewLineEdit->value = "schematic"
\a nrListItemAction(cdsLibManager->cellListBox 3 0)
\a cdsLibManager->viewLineEdit->value = ""
\a cdsLibManager->viewListBox->value = nil
\o MPS request: edit design
\a cdsLibManager->cellLineEdit->value = "hw1_1_c_inverter_tb"
\a nrSetCurrentWindow(cdsLibManager)
\a cdsLibManager->cellListBox->value = "hw1_1_inverter"
\a cdsLibManager->viewListBox->value = "schematic"
\a cdsLibManager->viewLineEdit->value = "schematic"
\a cdsLibManager->cellListBox->value = "hw1_1_c_inverter"
\a cdsLibManager->viewLineEdit->value = ""
\a cdsLibManager->viewListBox->value = nil
\a cdsLibManager->viewListBox->value = "schematic"
\a cdsLibManager->viewLineEdit->value = "schematic"
\a cdsLibManager->cellListBox->value = nil
\a cdsLibManager->viewLineEdit->value = ""
\a cdsLibManager->viewListBox->value = nil
\a nrListItemAction(cdsLibManager->cellListBox 2 0)
\a cdsLibManager->cellListBox->value = "hw1_1_c_inverter"
\a cdsLibManager->viewListBox->value = "schematic"
\a cdsLibManager->viewLineEdit->value = "schematic"
\a cdsLibManager->viewLineEdit->value = ""
\a cdsLibManager->viewListBox->value = nil
\o MPS request: edit design
\a cdsLibManager->cellLineEdit->value = "hw1_1_c_inverter"
\a nrSetCurrentWindow(cdsLibManager)
\a nrResizeWindow(cdsLibManager list(131 201 804 532))
\a cdsLibManager->libListBox->value = "NCSU_TechLib_tsmc04_4M2P"
\a cdsLibManager->libLineEdit->value = "NCSU_TechLib_tsmc04_4M2P"
\a cdsLibManager->cellListBox->value = nil
\a cdsLibManager->cellLineEdit->value = ""
\a nrSetCurrentWindow(cdsLibManager)
\a nrResizeWindow(cdsLibManager list(1 369 804 532))
