Begin Incremental Netlisting Sep 18 17:03:32 2018
WARNING (OSSHNL-226): There are more design variables used in the current
netlisting session as
compared to the last session in the current run directory.
The netlist(s)
generated in the last netlisting session cannot be reused for
incremental
netlisting. Therefore re-netlisting the design.

End netlisting Sep 18 17:03:32 2018
Begin Incremental Netlisting Sep 18 17:04:31 2018
WARNING (OSSHNL-225): The design variable 'w', used in the last netlisting
session in the current
run directory is not used in this netlisting session. The
netlist(s) generated
in the last netlisting session cannot be reused for
incremental netlisting.
Therefore re-netlisting the design.

End netlisting Sep 18 17:04:31 2018
Begin Incremental Netlisting Sep 18 17:05:23 2018
End netlisting Sep 18 17:05:23 2018
