\o Program:		@(#)$CDS: cdsLibEditor version 6.1.7 - CAT35 12/05/2017 23:54 (sjfhw305) $
\o Sub version:		sub-version  s061 
\o Arguments:		-cdslib /home/seas/jwcrandall/cadence/cds.lib -mpssession virtuoso10092 -mpshost linux17.cflab.seas.gwu.edu 
\o Working Directory:	linux17.cflab.seas.gwu.edu:/home/seas/jwcrandall/cadence
\o 64-bit offsets
\a nrSetWindowVisibility(cdsLibEditor "show")
\o Qt version: 		4.8.5
\a nrSetCurrentWindow(cdsLibEditor)
\a nrListItemAction(cdsLibEditor->mainTable 0 0)
\o Active cell: 0 0 "analogLib"
\a nrResizeWindow(cdsLibEditor list(0 25 500 400))
\a cdsLibEditor->editAddLibButton->value = t
\a newLibraryDialog->filePathComboBox->value = "/home/seas/jwcrandall/cadence"
\a newLibraryDialog->useMappedName->value = nil
\a nrSetWindowVisibility(newLibraryDialog "show")
\a nrSetCurrentWindow(newLibraryDialog)
\a nrResizeWindow(newLibraryDialog list(0 25 531 513))
\a newLibraryDialog->libraryListBox->value = "Digial"
\a newLibraryDialog->useMappedName->value = t
\a newLibraryDialog->libraryName->value = "Digial"
\a newLibraryDialog->okButton->value = t
\a newLibraryDialog->libraryListBox->value = nil
\a newLibraryDialog->useMappedName->value = nil
\a newLibraryDialog->libraryName->value = ""
\a nrListItemAction(cdsLibEditor->mainTable 20 0)
\o Active cell: 20 0 ""
\a nrSetCurrentWindow(cdsLibEditor)
\a nrListItemAction(cdsLibEditor->mainTable 11 1)
\o Active cell: 11 1 "$CDK_DIR/lib/NCSU_TechLib_tsmc03"
\a cdsLibEditor->fileSaveButton->value = t
\a nrListItemRename(cdsLibEditor->mainTable, 11 1 "$CDSROOT/ASSURA41/tools/assura/etc/avtech/avTech")
\o WARNING (CLE-211): Library NCSU_TechLib_tsmc03 was defined in include file "$DESIGNKITS/ncsu-cdk-1.6.0.beta/cdssetup/cds.lib".\nIn order to make the change, it was necessary to undefine the library and\nredefine it locally.
\a nrSetWindowVisibility(errorDialog "show")
\a nrSetCurrentWindow(errorDialog)
\a nrResizeWindow(errorDialog list(0 136 635 134))
\a errorDialog->errorOkButton->value = t
\a nrSetCurrentWindow(cdsLibEditor)
\a nrListItemAction(cdsLibEditor->mainTable 10 1)
\o Active cell: 10 1 "$CDK_DIR/lib/NCSU_TechLib_tsmc02d"
\a cdsLibEditor->fileExitButton->value = t
\o QUESTION (CLE-205): You have made changes which have not been saved. \n\nWould you like to save your changes? 
\a nrSetWindowVisibility(needSaveDialog "show")
\a nrResizeWindow(needSaveDialog list(66 136 369 136))
\a nrSetCurrentWindow(needSaveDialog)
\a needSaveDialog->yesButton->value = t
\a nrSetWindowVisibility(cdsLibEditor "hide")
\a exit(0)
