TOOL:	irun(64)	15.20-s045: Started on Nov 18, 2018 at 17:28:05 EST
irun
	-f /home/seas/jwcrandall/cadence/simulation/hw3_1_adder_4bit_tb/ams/config/netlist/.mapi/mapi_run.args
		-64bit
		-compile
		-NOCOPYRIGHT
		-nostdout
		-nowarn DLNOHV
		-logfile /home/seas/jwcrandall/cadence/simulation/hw3_1_adder_4bit_tb/ams/config/netlist/.mapi/mapirun.log
		-nowarn DLNOHV
		-nowarn DLCLAP
		-v93
		-allowredefinition
		-incdir /home/seas/jwcrandall/cadence/
		-nclibdirpath /home/seas/jwcrandall/cadence/simulation/hw3_1_adder_4bit_tb/ams/config/netlist/.mapi/
		-cdslib /home/seas/jwcrandall/cadence/simulation/hw3_1_adder_4bit_tb/ams/config/netlist/.mapi/cds.lib
		-amscompilefile "file:/home/seas/jwcrandall/cadence/ECE_6240_Digial/hw3_1_adder_4bit_tb_vdriver/functional/verilog.v lib:ECE_6240_Digial cell:hw3_1_adder_4bit_tb_vdriver view:functional"
		/home/seas/jwcrandall/cadence/simulation/hw3_1_adder_4bit_tb/ams/config/netlist/.mapi//dummyMapi.vams
		/home/seas/jwcrandall/cadence/simulation/hw3_1_adder_4bit_tb/ams/config/netlist/.mapi//dummyMapi.vhms
file: /home/seas/jwcrandall/cadence/simulation/hw3_1_adder_4bit_tb/ams/config/netlist/.mapi//dummyMapi.vams
file: /home/seas/jwcrandall/cadence/ECE_6240_Digial/hw3_1_adder_4bit_tb_vdriver/functional/verilog.v
	module ECE_6240_Digial.hw3_1_adder_4bit_tb_vdriver:functional
		errors: 0, warnings: 0
ncvlog: *W,SPDUSD: Include directory /home/seas/jwcrandall/cadence/ given but not used.
	Total errors/warnings found outside modules and primitives:
		errors: 0, warnings: 1
TOOL:	irun(64)	15.20-s045: Exiting on Nov 18, 2018 at 17:28:08 EST  (total: 00:00:03)
