TOOL:	irun(64)	15.20-s045: Started on Oct 30, 2018 at 16:41:44 EDT
irun
	-f /home/seas/jwcrandall/cadence/simulation/lab9_b_inv_tb2/ams/config/netlist/.mapi/mapi_run.args
		-64bit
		-compile
		-NOCOPYRIGHT
		-nostdout
		-nowarn DLNOHV
		-logfile /home/seas/jwcrandall/cadence/simulation/lab9_b_inv_tb2/ams/config/netlist/.mapi/mapirun.log
		-nowarn DLNOHV
		-nowarn DLCLAP
		-v93
		-allowredefinition
		-incdir /home/seas/jwcrandall/cadence/
		-nclibdirpath /home/seas/jwcrandall/cadence/simulation/lab9_b_inv_tb2/ams/config/netlist/.mapi/
		-cdslib /home/seas/jwcrandall/cadence/simulation/lab9_b_inv_tb2/ams/config/netlist/.mapi/cds.lib
		-amscompilefile "file:/home/seas/jwcrandall/cadence/ECE_6240_Digial/lab9_b_inv_tb_vdriver/functional/verilog.v lib:ECE_6240_Digial cell:lab9_b_inv_tb_vdriver view:functional"
		/home/seas/jwcrandall/cadence/simulation/lab9_b_inv_tb2/ams/config/netlist/.mapi//dummyMapi.vams
		/home/seas/jwcrandall/cadence/simulation/lab9_b_inv_tb2/ams/config/netlist/.mapi//dummyMapi.vhms
file: /home/seas/jwcrandall/cadence/simulation/lab9_b_inv_tb2/ams/config/netlist/.mapi//dummyMapi.vams
file: /home/seas/jwcrandall/cadence/ECE_6240_Digial/lab9_b_inv_tb_vdriver/functional/verilog.v
	module ECE_6240_Digial.lab9_b_inv_tb_vdriver:functional
		errors: 0, warnings: 0
ncvlog: *W,SPDUSD: Include directory /home/seas/jwcrandall/cadence/ given but not used.
	Total errors/warnings found outside modules and primitives:
		errors: 0, warnings: 1
TOOL:	irun(64)	15.20-s045: Exiting on Oct 30, 2018 at 16:41:50 EDT  (total: 00:00:06)
